Testsuite: comp0012.target.ConstantVariableFoldingTest
Tests run: 4, Failures: 2, Errors: 0, Skipped: 0, Time elapsed: 0.019 sec

Testcase: testMethodThree took 0.001 sec
Testcase: testMethodFour took 0.002 sec
	FAILED
expected:<true> but was:<false>
junit.framework.AssertionFailedError: expected:<true> but was:<false>
	at comp0012.target.ConstantVariableFoldingTest.testMethodFour(Unknown Source)
	at java.base/jdk.internal.reflect.NativeMethodAccessorImpl.invoke0(Native Method)
	at java.base/jdk.internal.reflect.NativeMethodAccessorImpl.invoke(NativeMethodAccessorImpl.java:78)
	at java.base/jdk.internal.reflect.DelegatingMethodAccessorImpl.invoke(DelegatingMethodAccessorImpl.java:43)

Testcase: testMethodOne took 0 sec
	FAILED
expected:<3650> but was:<3526>
junit.framework.AssertionFailedError: expected:<3650> but was:<3526>
	at comp0012.target.ConstantVariableFoldingTest.testMethodOne(Unknown Source)
	at java.base/jdk.internal.reflect.NativeMethodAccessorImpl.invoke0(Native Method)
	at java.base/jdk.internal.reflect.NativeMethodAccessorImpl.invoke(NativeMethodAccessorImpl.java:78)
	at java.base/jdk.internal.reflect.DelegatingMethodAccessorImpl.invoke(DelegatingMethodAccessorImpl.java:43)

Testcase: testMethodTwo took 0 sec
